app/build/intermediates/manifest_merge_blame_file/debug/manifest-merger-blame-debug-report.txt
1<?xml version="1.0" encoding="utf-8"?>
2<manifest xmlns:android="http://schemas.android.com/apk/res/android"
3    package="com.example.speechtherapyapp"
4    android:versionCode="1"
5    android:versionName="1.0" >
6
7    <uses-sdk
7-->src\main\AndroidManifest.xml:7:5-9:41
8        android:minSdkVersion="19"
8-->src\main\AndroidManifest.xml:8:9-34
9        android:targetSdkVersion="28" />
9-->src\main\AndroidManifest.xml:9:9-38
10
11    <application
11-->src\main\AndroidManifest.xml:11:5-35:19
12        android:allowBackup="true"
12-->src\main\AndroidManifest.xml:12:9-35
13        android:appComponentFactory="android.support.v4.app.CoreComponentFactory"
13-->[com.android.support:support-compat:28.0.0] AndroidManifest.xml:22:18-91
14        android:debuggable="true"
15        android:icon="@drawable/ic_launcher"
15-->src\main\AndroidManifest.xml:13:9-45
16        android:label="@string/app_name"
16-->src\main\AndroidManifest.xml:14:9-41
17        android:testOnly="true"
18        android:theme="@style/AppTheme" >
18-->src\main\AndroidManifest.xml:15:9-40
19        <activity
19-->src\main\AndroidManifest.xml:17:9-27:20
20            android:name="com.example.speechtherapyapp.MainActivity"
20-->src\main\AndroidManifest.xml:18:13-41
21            android:configChanges="orientation|screenSize"
21-->src\main\AndroidManifest.xml:20:13-59
22            android:label="@string/app_name" >
22-->src\main\AndroidManifest.xml:19:13-45
23            <intent-filter>
23-->src\main\AndroidManifest.xml:22:13-26:29
24                <action android:name="android.intent.action.MAIN" />
24-->src\main\AndroidManifest.xml:23:17-69
24-->src\main\AndroidManifest.xml:23:25-66
25
26                <category android:name="android.intent.category.LAUNCHER" />
26-->src\main\AndroidManifest.xml:25:17-77
26-->src\main\AndroidManifest.xml:25:27-74
27            </intent-filter>
28        </activity>
29        <activity
29-->src\main\AndroidManifest.xml:29:9-32:20
30            android:name="com.example.speechtherapyapp.UserSettingsActivity"
30-->src\main\AndroidManifest.xml:30:13-49
31            android:label="Settings" >
31-->src\main\AndroidManifest.xml:31:13-37
32        </activity>
33    </application>
34
35</manifest>